<?xml version="1.0" encoding="UTF-8"?>
<!-- Generated by org.testng.reporters.JUnitReportReporter -->
<testsuite hostname="DESKTOP-4EL8SL4" failures="0" tests="1" name="AutomationRestAPI.SeleniumAutomationRestAPI.AmazonIPhonePurchaseTest" time="25.694" errors="0" timestamp="2024-08-05T16:54:15 IST" skipped="0">
  <testcase classname="AutomationRestAPI.SeleniumAutomationRestAPI.AmazonIPhonePurchaseTest" name="testIPhonePurchase" time="25.694"/>
</testsuite> <!-- AutomationRestAPI.SeleniumAutomationRestAPI.AmazonIPhonePurchaseTest -->
