<?xml version="1.0" encoding="UTF-8"?>
<!-- Generated by org.testng.reporters.JUnitReportReporter -->
<testsuite hostname="DESKTOP-4EL8SL4" failures="0" tests="1" name="AutomationRestAPI.SeleniumAutomationRestAPI.BrowserWindowsTest" time="6.005" errors="0" timestamp="2024-08-05T19:39:34 IST" skipped="0">
  <testcase classname="AutomationRestAPI.SeleniumAutomationRestAPI.BrowserWindowsTest" name="testNewTab" time="6.005"/>
</testsuite> <!-- AutomationRestAPI.SeleniumAutomationRestAPI.BrowserWindowsTest -->
