<?xml version="1.0" encoding="UTF-8"?>
<!-- Generated by org.testng.reporters.JUnitReportReporter -->
<testsuite hostname="DESKTOP-4EL8SL4" failures="0" tests="1" name="AutomationRestAPI.SeleniumAutomationRestAPI.AmazonIPhonePurchaseTest" time="33.365" errors="0" timestamp="2024-08-05T20:05:03 IST" skipped="0">
  <testcase classname="AutomationRestAPI.SeleniumAutomationRestAPI.AmazonIPhonePurchaseTest" name="testIPhonePurchase" time="33.365"/>
</testsuite> <!-- AutomationRestAPI.SeleniumAutomationRestAPI.AmazonIPhonePurchaseTest -->
