<?xml version="1.0" encoding="UTF-8"?>
<!-- Generated by org.testng.reporters.JUnitReportReporter -->
<testsuite hostname="DESKTOP-4EL8SL4" failures="0" tests="1" name="AutomationRestAPI.SeleniumAutomationRestAPI.BrowserWindowsTest" time="5.479" errors="0" timestamp="2024-08-05T12:17:16 IST" skipped="0">
  <testcase classname="AutomationRestAPI.SeleniumAutomationRestAPI.BrowserWindowsTest" name="testNewTab" time="5.479"/>
</testsuite> <!-- AutomationRestAPI.SeleniumAutomationRestAPI.BrowserWindowsTest -->
