<?xml version="1.0" encoding="UTF-8"?>
<!-- Generated by org.testng.reporters.JUnitReportReporter -->
<testsuite hostname="DESKTOP-4EL8SL4" failures="0" tests="1" name="AutomationRestAPI.SeleniumAutomationRestAPI.AlertTest" time="3.188" errors="0" timestamp="2024-08-05T12:43:38 IST" skipped="0">
  <testcase classname="AutomationRestAPI.SeleniumAutomationRestAPI.AlertTest" name="automateAlert" time="3.188"/>
</testsuite> <!-- AutomationRestAPI.SeleniumAutomationRestAPI.AlertTest -->
